<?xml version="1.0" encoding="UTF-8" ?>
<testsuites>
  <testsuite failures="0" hostname="ibm-adityashankar" id="0" name="workspace33/tests" package="" skipped="0" tests="2" time="171.577" timestamp="Tue Oct 17 09:19:58 IST 2023">
	    <properties>
		      <property name="excludeCallableTestCases" value="true" />

		      <property name="testEnvironment" value="" />

		      <property name="pluginOutputLevel" value="WARNING" />

		      <property name="projectPath" value=".." />

		      <property name="salesforceMetadataCache" value="Reuse" />

		      <property name="resultsPathDisposition" value="Increment" />

		      <property name="testOutputLevel" value="INFO" />

		      <property name="webBrowserType" value="Chrome" />

		      <property name="resultsPath" value="../ANT/Results" />

		      <property name="webBrowserConfiguration" value="Full Screen" />

		      <property name="projectCachePath" value="C:\Users\aditya.shankar\Provar\Workspace 33\workspace33\ANT\..\..\.provarCaches" />

	    </properties>

	    <testcase classname="tests/Test Case 1.testcase" name="Test Case 1.testcase" time="0.03">
	</testcase>

	    <testcase classname="tests/Test Case 2.testcase" name="Test Case 2.testcase" time="168.906">
	</testcase>

  </testsuite>
</testsuites>
